Simple mixer control 'Master',0
  Capabilities: pvolume pswitch pswitch-joined
  Playback channels: Front Left - Front Right
  Limits: Playback 0 - 65536
  Mono:
  Front Left: Playback 36036 [55%] [off]
  Front Right: Playback 36036 [55%] [off]
Simple mixer control 'Master',0
  Capabilities: pvolume pswitch pswitch-joined
  Playback channels: Front Left - Front Right
  Limits: Playback 0 - 65536
  Mono:
  Front Left: Playback 32759 [50%] [off]
  Front Right: Playback 32759 [50%] [off]
Simple mixer control 'Master',0
  Capabilities: pvolume pswitch pswitch-joined
  Playback channels: Front Left - Front Right
  Limits: Playback 0 - 65536
  Mono:
  Front Left: Playback 36036 [55%] [off]
  Front Right: Playback 36036 [55%] [off]
Simple mixer control 'Master',0
  Capabilities: pvolume pswitch pswitch-joined
  Playback channels: Front Left - Front Right
  Limits: Playback 0 - 65536
  Mono:
  Front Left: Playback 39313 [60%] [off]
  Front Right: Playback 39313 [60%] [off]
Simple mixer control 'Master',0
  Capabilities: pvolume pswitch pswitch-joined
  Playback channels: Front Left - Front Right
  Limits: Playback 0 - 65536
  Mono:
  Front Left: Playback 42590 [65%] [off]
  Front Right: Playback 42590 [65%] [off]
Simple mixer control 'Master',0
  Capabilities: pvolume pswitch pswitch-joined
  Playback channels: Front Left - Front Right
  Limits: Playback 0 - 65536
  Mono:
  Front Left: Playback 45867 [70%] [off]
  Front Right: Playback 45867 [70%] [off]
Simple mixer control 'Master',0
  Capabilities: pvolume pswitch pswitch-joined
  Playback channels: Front Left - Front Right
  Limits: Playback 0 - 65536
  Mono:
  Front Left: Playback 49144 [75%] [off]
  Front Right: Playback 49144 [75%] [off]
Simple mixer control 'Master',0
  Capabilities: pvolume pswitch pswitch-joined
  Playback channels: Front Left - Front Right
  Limits: Playback 0 - 65536
  Mono:
  Front Left: Playback 52421 [80%] [off]
  Front Right: Playback 52421 [80%] [off]
Simple mixer control 'Master',0
  Capabilities: pvolume pswitch pswitch-joined
  Playback channels: Front Left - Front Right
  Limits: Playback 0 - 65536
  Mono:
  Front Left: Playback 55698 [85%] [off]
  Front Right: Playback 55698 [85%] [off]
Simple mixer control 'Master',0
  Capabilities: pvolume pswitch pswitch-joined
  Playback channels: Front Left - Front Right
  Limits: Playback 0 - 65536
  Mono:
  Front Left: Playback 58975 [90%] [off]
  Front Right: Playback 58975 [90%] [off]
Simple mixer control 'Master',0
  Capabilities: pvolume pswitch pswitch-joined
  Playback channels: Front Left - Front Right
  Limits: Playback 0 - 65536
  Mono:
  Front Left: Playback 62252 [95%] [off]
  Front Right: Playback 62252 [95%] [off]
Simple mixer control 'Master',0
  Capabilities: pvolume pswitch pswitch-joined
  Playback channels: Front Left - Front Right
  Limits: Playback 0 - 65536
  Mono:
  Front Left: Playback 65529 [100%] [off]
  Front Right: Playback 65529 [100%] [off]
Simple mixer control 'Master',0
  Capabilities: pvolume pswitch pswitch-joined
  Playback channels: Front Left - Front Right
  Limits: Playback 0 - 65536
  Mono:
  Front Left: Playback 65536 [100%] [off]
  Front Right: Playback 65536 [100%] [off]
Simple mixer control 'Master',0
  Capabilities: pvolume pswitch pswitch-joined
  Playback channels: Front Left - Front Right
  Limits: Playback 0 - 65536
  Mono:
  Front Left: Playback 65536 [100%] [off]
  Front Right: Playback 65536 [100%] [off]
Simple mixer control 'Master',0
  Capabilities: pvolume pswitch pswitch-joined
  Playback channels: Front Left - Front Right
  Limits: Playback 0 - 65536
  Mono:
  Front Left: Playback 65536 [100%] [off]
  Front Right: Playback 65536 [100%] [off]
Simple mixer control 'Master',0
  Capabilities: pvolume pswitch pswitch-joined
  Playback channels: Front Left - Front Right
  Limits: Playback 0 - 65536
  Mono:
  Front Left: Playback 65536 [100%] [off]
  Front Right: Playback 65536 [100%] [off]
Simple mixer control 'Master',0
  Capabilities: pvolume pswitch pswitch-joined
  Playback channels: Front Left - Front Right
  Limits: Playback 0 - 65536
  Mono:
  Front Left: Playback 65536 [100%] [off]
  Front Right: Playback 65536 [100%] [off]
Simple mixer control 'Master',0
  Capabilities: pvolume pswitch pswitch-joined
  Playback channels: Front Left - Front Right
  Limits: Playback 0 - 65536
  Mono:
  Front Left: Playback 62259 [95%] [off]
  Front Right: Playback 62259 [95%] [off]
Simple mixer control 'Master',0
  Capabilities: pvolume pswitch pswitch-joined
  Playback channels: Front Left - Front Right
  Limits: Playback 0 - 65536
  Mono:
  Front Left: Playback 58982 [90%] [off]
  Front Right: Playback 58982 [90%] [off]
Simple mixer control 'Master',0
  Capabilities: pvolume pswitch pswitch-joined
  Playback channels: Front Left - Front Right
  Limits: Playback 0 - 65536
  Mono:
  Front Left: Playback 62259 [95%] [off]
  Front Right: Playback 62259 [95%] [off]
Simple mixer control 'Master',0
  Capabilities: pvolume pswitch pswitch-joined
  Playback channels: Front Left - Front Right
  Limits: Playback 0 - 65536
  Mono:
  Front Left: Playback 65536 [100%] [off]
  Front Right: Playback 65536 [100%] [off]
Simple mixer control 'Master',0
  Capabilities: pvolume pswitch pswitch-joined
  Playback channels: Front Left - Front Right
  Limits: Playback 0 - 65536
  Mono:
  Front Left: Playback 65536 [100%] [off]
  Front Right: Playback 65536 [100%] [off]
Simple mixer control 'Master',0
  Capabilities: pvolume pswitch pswitch-joined
  Playback channels: Front Left - Front Right
  Limits: Playback 0 - 65536
  Mono:
  Front Left: Playback 65536 [100%] [off]
  Front Right: Playback 65536 [100%] [off]
Simple mixer control 'Master',0
  Capabilities: pvolume pswitch pswitch-joined
  Playback channels: Front Left - Front Right
  Limits: Playback 0 - 65536
  Mono:
  Front Left: Playback 65536 [100%] [off]
  Front Right: Playback 65536 [100%] [off]
Simple mixer control 'Master',0
  Capabilities: pvolume pswitch pswitch-joined
  Playback channels: Front Left - Front Right
  Limits: Playback 0 - 65536
  Mono:
  Front Left: Playback 65536 [100%] [off]
  Front Right: Playback 65536 [100%] [off]
Simple mixer control 'Master',0
  Capabilities: pvolume pswitch pswitch-joined
  Playback channels: Front Left - Front Right
  Limits: Playback 0 - 65536
  Mono:
  Front Left: Playback 65536 [100%] [off]
  Front Right: Playback 65536 [100%] [off]
Simple mixer control 'Master',0
  Capabilities: pvolume pswitch pswitch-joined
  Playback channels: Front Left - Front Right
  Limits: Playback 0 - 65536
  Mono:
  Front Left: Playback 65536 [100%] [off]
  Front Right: Playback 65536 [100%] [off]
Simple mixer control 'Master',0
  Capabilities: pvolume pswitch pswitch-joined
  Playback channels: Front Left - Front Right
  Limits: Playback 0 - 65536
  Mono:
  Front Left: Playback 62259 [95%] [off]
  Front Right: Playback 62259 [95%] [off]
Simple mixer control 'Master',0
  Capabilities: pvolume pswitch pswitch-joined
  Playback channels: Front Left - Front Right
  Limits: Playback 0 - 65536
  Mono:
  Front Left: Playback 58982 [90%] [off]
  Front Right: Playback 58982 [90%] [off]
Simple mixer control 'Master',0
  Capabilities: pvolume pswitch pswitch-joined
  Playback channels: Front Left - Front Right
  Limits: Playback 0 - 65536
  Mono:
  Front Left: Playback 55705 [85%] [off]
  Front Right: Playback 55705 [85%] [off]
Simple mixer control 'Master',0
  Capabilities: pvolume pswitch pswitch-joined
  Playback channels: Front Left - Front Right
  Limits: Playback 0 - 65536
  Mono:
  Front Left: Playback 52428 [80%] [off]
  Front Right: Playback 52428 [80%] [off]
Simple mixer control 'Master',0
  Capabilities: pvolume pswitch pswitch-joined
  Playback channels: Front Left - Front Right
  Limits: Playback 0 - 65536
  Mono:
  Front Left: Playback 49151 [75%] [off]
  Front Right: Playback 49151 [75%] [off]
Simple mixer control 'Master',0
  Capabilities: pvolume pswitch pswitch-joined
  Playback channels: Front Left - Front Right
  Limits: Playback 0 - 65536
  Mono:
  Front Left: Playback 45874 [70%] [off]
  Front Right: Playback 45874 [70%] [off]
Simple mixer control 'Master',0
  Capabilities: pvolume pswitch pswitch-joined
  Playback channels: Front Left - Front Right
  Limits: Playback 0 - 65536
  Mono:
  Front Left: Playback 42597 [65%] [off]
  Front Right: Playback 42597 [65%] [off]
Simple mixer control 'Master',0
  Capabilities: pvolume pswitch pswitch-joined
  Playback channels: Front Left - Front Right
  Limits: Playback 0 - 65536
  Mono:
  Front Left: Playback 39320 [60%] [off]
  Front Right: Playback 39320 [60%] [off]
Simple mixer control 'Master',0
  Capabilities: pvolume pswitch pswitch-joined
  Playback channels: Front Left - Front Right
  Limits: Playback 0 - 65536
  Mono:
  Front Left: Playback 36043 [55%] [off]
  Front Right: Playback 36043 [55%] [off]
Simple mixer control 'Master',0
  Capabilities: pvolume pswitch pswitch-joined
  Playback channels: Front Left - Front Right
  Limits: Playback 0 - 65536
  Mono:
  Front Left: Playback 32766 [50%] [off]
  Front Right: Playback 32766 [50%] [off]
Simple mixer control 'Master',0
  Capabilities: pvolume pswitch pswitch-joined
  Playback channels: Front Left - Front Right
  Limits: Playback 0 - 65536
  Mono:
  Front Left: Playback 29489 [45%] [off]
  Front Right: Playback 29489 [45%] [off]
Simple mixer control 'Master',0
  Capabilities: pvolume pswitch pswitch-joined
  Playback channels: Front Left - Front Right
  Limits: Playback 0 - 65536
  Mono:
  Front Left: Playback 26212 [40%] [off]
  Front Right: Playback 26212 [40%] [off]
Simple mixer control 'Master',0
  Capabilities: pvolume pswitch pswitch-joined
  Playback channels: Front Left - Front Right
  Limits: Playback 0 - 65536
  Mono:
  Front Left: Playback 29489 [45%] [off]
  Front Right: Playback 29489 [45%] [off]
Simple mixer control 'Master',0
  Capabilities: pvolume pswitch pswitch-joined
  Playback channels: Front Left - Front Right
  Limits: Playback 0 - 65536
  Mono:
  Front Left: Playback 32766 [50%] [off]
  Front Right: Playback 32766 [50%] [off]
Simple mixer control 'Master',0
  Capabilities: pvolume pswitch pswitch-joined
  Playback channels: Front Left - Front Right
  Limits: Playback 0 - 65536
  Mono:
  Front Left: Playback 36043 [55%] [off]
  Front Right: Playback 36043 [55%] [off]
Simple mixer control 'Master',0
  Capabilities: pvolume pswitch pswitch-joined
  Playback channels: Front Left - Front Right
  Limits: Playback 0 - 65536
  Mono:
  Front Left: Playback 39320 [60%] [off]
  Front Right: Playback 39320 [60%] [off]
Simple mixer control 'Master',0
  Capabilities: pvolume pswitch pswitch-joined
  Playback channels: Front Left - Front Right
  Limits: Playback 0 - 65536
  Mono:
  Front Left: Playback 42597 [65%] [off]
  Front Right: Playback 42597 [65%] [off]
Simple mixer control 'Master',0
  Capabilities: pvolume pswitch pswitch-joined
  Playback channels: Front Left - Front Right
  Limits: Playback 0 - 65536
  Mono:
  Front Left: Playback 45874 [70%] [off]
  Front Right: Playback 45874 [70%] [off]
Simple mixer control 'Master',0
  Capabilities: pvolume pswitch pswitch-joined
  Playback channels: Front Left - Front Right
  Limits: Playback 0 - 65536
  Mono:
  Front Left: Playback 49151 [75%] [off]
  Front Right: Playback 49151 [75%] [off]
Simple mixer control 'Master',0
  Capabilities: pvolume pswitch pswitch-joined
  Playback channels: Front Left - Front Right
  Limits: Playback 0 - 65536
  Mono:
  Front Left: Playback 52428 [80%] [off]
  Front Right: Playback 52428 [80%] [off]
Simple mixer control 'Master',0
  Capabilities: pvolume pswitch pswitch-joined
  Playback channels: Front Left - Front Right
  Limits: Playback 0 - 65536
  Mono:
  Front Left: Playback 55705 [85%] [off]
  Front Right: Playback 55705 [85%] [off]
Simple mixer control 'Master',0
  Capabilities: pvolume pswitch pswitch-joined
  Playback channels: Front Left - Front Right
  Limits: Playback 0 - 65536
  Mono:
  Front Left: Playback 58982 [90%] [off]
  Front Right: Playback 58982 [90%] [off]
Simple mixer control 'Master',0
  Capabilities: pvolume pswitch pswitch-joined
  Playback channels: Front Left - Front Right
  Limits: Playback 0 - 65536
  Mono:
  Front Left: Playback 62259 [95%] [off]
  Front Right: Playback 62259 [95%] [off]
Simple mixer control 'Master',0
  Capabilities: pvolume pswitch pswitch-joined
  Playback channels: Front Left - Front Right
  Limits: Playback 0 - 65536
  Mono:
  Front Left: Playback 65536 [100%] [off]
  Front Right: Playback 65536 [100%] [off]
Simple mixer control 'Master',0
  Capabilities: pvolume pswitch pswitch-joined
  Playback channels: Front Left - Front Right
  Limits: Playback 0 - 65536
  Mono:
  Front Left: Playback 65536 [100%] [off]
  Front Right: Playback 65536 [100%] [off]
Simple mixer control 'Master',0
  Capabilities: pvolume pswitch pswitch-joined
  Playback channels: Front Left - Front Right
  Limits: Playback 0 - 65536
  Mono:
  Front Left: Playback 65536 [100%] [off]
  Front Right: Playback 65536 [100%] [off]
Simple mixer control 'Master',0
  Capabilities: pvolume pswitch pswitch-joined
  Playback channels: Front Left - Front Right
  Limits: Playback 0 - 65536
  Mono:
  Front Left: Playback 65536 [100%] [off]
  Front Right: Playback 65536 [100%] [off]
Simple mixer control 'Master',0
  Capabilities: pvolume pswitch pswitch-joined
  Playback channels: Front Left - Front Right
  Limits: Playback 0 - 65536
  Mono:
  Front Left: Playback 65536 [100%] [off]
  Front Right: Playback 65536 [100%] [off]
Simple mixer control 'Master',0
  Capabilities: pvolume pswitch pswitch-joined
  Playback channels: Front Left - Front Right
  Limits: Playback 0 - 65536
  Mono:
  Front Left: Playback 65536 [100%] [off]
  Front Right: Playback 65536 [100%] [off]
Simple mixer control 'Master',0
  Capabilities: pvolume pswitch pswitch-joined
  Playback channels: Front Left - Front Right
  Limits: Playback 0 - 65536
  Mono:
  Front Left: Playback 65536 [100%] [off]
  Front Right: Playback 65536 [100%] [off]
Simple mixer control 'Master',0
  Capabilities: pvolume pswitch pswitch-joined
  Playback channels: Front Left - Front Right
  Limits: Playback 0 - 65536
  Mono:
  Front Left: Playback 65536 [100%] [off]
  Front Right: Playback 65536 [100%] [off]
Simple mixer control 'Master',0
  Capabilities: pvolume pswitch pswitch-joined
  Playback channels: Front Left - Front Right
  Limits: Playback 0 - 65536
  Mono:
  Front Left: Playback 65536 [100%] [off]
  Front Right: Playback 65536 [100%] [off]
Simple mixer control 'Master',0
  Capabilities: pvolume pswitch pswitch-joined
  Playback channels: Front Left - Front Right
  Limits: Playback 0 - 65536
  Mono:
  Front Left: Playback 65536 [100%] [off]
  Front Right: Playback 65536 [100%] [off]
Simple mixer control 'Master',0
  Capabilities: pvolume pswitch pswitch-joined
  Playback channels: Front Left - Front Right
  Limits: Playback 0 - 65536
  Mono:
  Front Left: Playback 65536 [100%] [off]
  Front Right: Playback 65536 [100%] [off]
Simple mixer control 'Master',0
  Capabilities: pvolume pswitch pswitch-joined
  Playback channels: Front Left - Front Right
  Limits: Playback 0 - 65536
  Mono:
  Front Left: Playback 65536 [100%] [off]
  Front Right: Playback 65536 [100%] [off]
Simple mixer control 'Master',0
  Capabilities: pvolume pswitch pswitch-joined
  Playback channels: Front Left - Front Right
  Limits: Playback 0 - 65536
  Mono:
  Front Left: Playback 65536 [100%] [off]
  Front Right: Playback 65536 [100%] [off]
Simple mixer control 'Master',0
  Capabilities: pvolume pswitch pswitch-joined
  Playback channels: Front Left - Front Right
  Limits: Playback 0 - 65536
  Mono:
  Front Left: Playback 65536 [100%] [off]
  Front Right: Playback 65536 [100%] [off]
Simple mixer control 'Master',0
  Capabilities: pvolume pswitch pswitch-joined
  Playback channels: Front Left - Front Right
  Limits: Playback 0 - 65536
  Mono:
  Front Left: Playback 65536 [100%] [off]
  Front Right: Playback 65536 [100%] [off]
Simple mixer control 'Master',0
  Capabilities: pvolume pswitch pswitch-joined
  Playback channels: Front Left - Front Right
  Limits: Playback 0 - 65536
  Mono:
  Front Left: Playback 65536 [100%] [off]
  Front Right: Playback 65536 [100%] [off]
Simple mixer control 'Master',0
  Capabilities: pvolume pswitch pswitch-joined
  Playback channels: Front Left - Front Right
  Limits: Playback 0 - 65536
  Mono:
  Front Left: Playback 65536 [100%] [off]
  Front Right: Playback 65536 [100%] [off]
Simple mixer control 'Master',0
  Capabilities: pvolume pswitch pswitch-joined
  Playback channels: Front Left - Front Right
  Limits: Playback 0 - 65536
  Mono:
  Front Left: Playback 65536 [100%] [off]
  Front Right: Playback 65536 [100%] [off]
Simple mixer control 'Master',0
  Capabilities: pvolume pswitch pswitch-joined
  Playback channels: Front Left - Front Right
  Limits: Playback 0 - 65536
  Mono:
  Front Left: Playback 65536 [100%] [off]
  Front Right: Playback 65536 [100%] [off]
Simple mixer control 'Master',0
  Capabilities: pvolume pswitch pswitch-joined
  Playback channels: Front Left - Front Right
  Limits: Playback 0 - 65536
  Mono:
  Front Left: Playback 65536 [100%] [off]
  Front Right: Playback 65536 [100%] [off]
Simple mixer control 'Master',0
  Capabilities: pvolume pswitch pswitch-joined
  Playback channels: Front Left - Front Right
  Limits: Playback 0 - 65536
  Mono:
  Front Left: Playback 65536 [100%] [off]
  Front Right: Playback 65536 [100%] [off]
Simple mixer control 'Master',0
  Capabilities: pvolume pswitch pswitch-joined
  Playback channels: Front Left - Front Right
  Limits: Playback 0 - 65536
  Mono:
  Front Left: Playback 65536 [100%] [off]
  Front Right: Playback 65536 [100%] [off]
Simple mixer control 'Master',0
  Capabilities: pvolume pswitch pswitch-joined
  Playback channels: Front Left - Front Right
  Limits: Playback 0 - 65536
  Mono:
  Front Left: Playback 65536 [100%] [off]
  Front Right: Playback 65536 [100%] [off]
Simple mixer control 'Master',0
  Capabilities: pvolume pswitch pswitch-joined
  Playback channels: Front Left - Front Right
  Limits: Playback 0 - 65536
  Mono:
  Front Left: Playback 62259 [95%] [off]
  Front Right: Playback 62259 [95%] [off]
Simple mixer control 'Master',0
  Capabilities: pvolume pswitch pswitch-joined
  Playback channels: Front Left - Front Right
  Limits: Playback 0 - 65536
  Mono:
  Front Left: Playback 58982 [90%] [off]
  Front Right: Playback 58982 [90%] [off]
Simple mixer control 'Master',0
  Capabilities: pvolume pswitch pswitch-joined
  Playback channels: Front Left - Front Right
  Limits: Playback 0 - 65536
  Mono:
  Front Left: Playback 55705 [85%] [off]
  Front Right: Playback 55705 [85%] [off]
Simple mixer control 'Master',0
  Capabilities: pvolume pswitch pswitch-joined
  Playback channels: Front Left - Front Right
  Limits: Playback 0 - 65536
  Mono:
  Front Left: Playback 52428 [80%] [off]
  Front Right: Playback 52428 [80%] [off]
Simple mixer control 'Master',0
  Capabilities: pvolume pswitch pswitch-joined
  Playback channels: Front Left - Front Right
  Limits: Playback 0 - 65536
  Mono:
  Front Left: Playback 49151 [75%] [off]
  Front Right: Playback 49151 [75%] [off]
Simple mixer control 'Master',0
  Capabilities: pvolume pswitch pswitch-joined
  Playback channels: Front Left - Front Right
  Limits: Playback 0 - 65536
  Mono:
  Front Left: Playback 45874 [70%] [off]
  Front Right: Playback 45874 [70%] [off]
Simple mixer control 'Master',0
  Capabilities: pvolume pswitch pswitch-joined
  Playback channels: Front Left - Front Right
  Limits: Playback 0 - 65536
  Mono:
  Front Left: Playback 42597 [65%] [off]
  Front Right: Playback 42597 [65%] [off]
Simple mixer control 'Master',0
  Capabilities: pvolume pswitch pswitch-joined
  Playback channels: Front Left - Front Right
  Limits: Playback 0 - 65536
  Mono:
  Front Left: Playback 39320 [60%] [off]
  Front Right: Playback 39320 [60%] [off]
Simple mixer control 'Master',0
  Capabilities: pvolume pswitch pswitch-joined
  Playback channels: Front Left - Front Right
  Limits: Playback 0 - 65536
  Mono:
  Front Left: Playback 42597 [65%] [off]
  Front Right: Playback 42597 [65%] [off]
Simple mixer control 'Master',0
  Capabilities: pvolume pswitch pswitch-joined
  Playback channels: Front Left - Front Right
  Limits: Playback 0 - 65536
  Mono:
  Front Left: Playback 45874 [70%] [off]
  Front Right: Playback 45874 [70%] [off]
Simple mixer control 'Master',0
  Capabilities: pvolume pswitch pswitch-joined
  Playback channels: Front Left - Front Right
  Limits: Playback 0 - 65536
  Mono:
  Front Left: Playback 49151 [75%] [off]
  Front Right: Playback 49151 [75%] [off]
Simple mixer control 'Master',0
  Capabilities: pvolume pswitch pswitch-joined
  Playback channels: Front Left - Front Right
  Limits: Playback 0 - 65536
  Mono:
  Front Left: Playback 52428 [80%] [off]
  Front Right: Playback 52428 [80%] [off]
Simple mixer control 'Master',0
  Capabilities: pvolume pswitch pswitch-joined
  Playback channels: Front Left - Front Right
  Limits: Playback 0 - 65536
  Mono:
  Front Left: Playback 55705 [85%] [off]
  Front Right: Playback 55705 [85%] [off]
Simple mixer control 'Master',0
  Capabilities: pvolume pswitch pswitch-joined
  Playback channels: Front Left - Front Right
  Limits: Playback 0 - 65536
  Mono:
  Front Left: Playback 58982 [90%] [off]
  Front Right: Playback 58982 [90%] [off]
Simple mixer control 'Master',0
  Capabilities: pvolume pswitch pswitch-joined
  Playback channels: Front Left - Front Right
  Limits: Playback 0 - 65536
  Mono:
  Front Left: Playback 55705 [85%] [off]
  Front Right: Playback 55705 [85%] [off]
Simple mixer control 'Master',0
  Capabilities: pvolume pswitch pswitch-joined
  Playback channels: Front Left - Front Right
  Limits: Playback 0 - 65536
  Mono:
  Front Left: Playback 52428 [80%] [off]
  Front Right: Playback 52428 [80%] [off]
Simple mixer control 'Master',0
  Capabilities: pvolume pswitch pswitch-joined
  Playback channels: Front Left - Front Right
  Limits: Playback 0 - 65536
  Mono:
  Front Left: Playback 49151 [75%] [off]
  Front Right: Playback 49151 [75%] [off]
Simple mixer control 'Master',0
  Capabilities: pvolume pswitch pswitch-joined
  Playback channels: Front Left - Front Right
  Limits: Playback 0 - 65536
  Mono:
  Front Left: Playback 45874 [70%] [off]
  Front Right: Playback 45874 [70%] [off]
Simple mixer control 'Master',0
  Capabilities: pvolume pswitch pswitch-joined
  Playback channels: Front Left - Front Right
  Limits: Playback 0 - 65536
  Mono:
  Front Left: Playback 49151 [75%] [off]
  Front Right: Playback 49151 [75%] [off]
Simple mixer control 'Master',0
  Capabilities: pvolume pswitch pswitch-joined
  Playback channels: Front Left - Front Right
  Limits: Playback 0 - 65536
  Mono:
  Front Left: Playback 52428 [80%] [off]
  Front Right: Playback 52428 [80%] [off]
Simple mixer control 'Master',0
  Capabilities: pvolume pswitch pswitch-joined
  Playback channels: Front Left - Front Right
  Limits: Playback 0 - 65536
  Mono:
  Front Left: Playback 49151 [75%] [off]
  Front Right: Playback 49151 [75%] [off]
Simple mixer control 'Master',0
  Capabilities: pvolume pswitch pswitch-joined
  Playback channels: Front Left - Front Right
  Limits: Playback 0 - 65536
  Mono:
  Front Left: Playback 45874 [70%] [off]
  Front Right: Playback 45874 [70%] [off]
Simple mixer control 'Master',0
  Capabilities: pvolume pswitch pswitch-joined
  Playback channels: Front Left - Front Right
  Limits: Playback 0 - 65536
  Mono:
  Front Left: Playback 49151 [75%] [off]
  Front Right: Playback 49151 [75%] [off]
Simple mixer control 'Master',0
  Capabilities: pvolume pswitch pswitch-joined
  Playback channels: Front Left - Front Right
  Limits: Playback 0 - 65536
  Mono:
  Front Left: Playback 52428 [80%] [off]
  Front Right: Playback 52428 [80%] [off]
Simple mixer control 'Master',0
  Capabilities: pvolume pswitch pswitch-joined
  Playback channels: Front Left - Front Right
  Limits: Playback 0 - 65536
  Mono:
  Front Left: Playback 55705 [85%] [off]
  Front Right: Playback 55705 [85%] [off]
Simple mixer control 'Master',0
  Capabilities: pvolume pswitch pswitch-joined
  Playback channels: Front Left - Front Right
  Limits: Playback 0 - 65536
  Mono:
  Front Left: Playback 58982 [90%] [off]
  Front Right: Playback 58982 [90%] [off]
Simple mixer control 'Master',0
  Capabilities: pvolume pswitch pswitch-joined
  Playback channels: Front Left - Front Right
  Limits: Playback 0 - 65536
  Mono:
  Front Left: Playback 62259 [95%] [off]
  Front Right: Playback 62259 [95%] [off]
Simple mixer control 'Master',0
  Capabilities: pvolume pswitch pswitch-joined
  Playback channels: Front Left - Front Right
  Limits: Playback 0 - 65536
  Mono:
  Front Left: Playback 65536 [100%] [off]
  Front Right: Playback 65536 [100%] [off]
Simple mixer control 'Master',0
  Capabilities: pvolume pswitch pswitch-joined
  Playback channels: Front Left - Front Right
  Limits: Playback 0 - 65536
  Mono:
  Front Left: Playback 65536 [100%] [off]
  Front Right: Playback 65536 [100%] [off]
Simple mixer control 'Master',0
  Capabilities: pvolume pswitch pswitch-joined
  Playback channels: Front Left - Front Right
  Limits: Playback 0 - 65536
  Mono:
  Front Left: Playback 65536 [100%] [off]
  Front Right: Playback 65536 [100%] [off]
Simple mixer control 'Master',0
  Capabilities: pvolume pswitch pswitch-joined
  Playback channels: Front Left - Front Right
  Limits: Playback 0 - 65536
  Mono:
  Front Left: Playback 65536 [100%] [off]
  Front Right: Playback 65536 [100%] [off]
Simple mixer control 'Master',0
  Capabilities: pvolume pswitch pswitch-joined
  Playback channels: Front Left - Front Right
  Limits: Playback 0 - 65536
  Mono:
  Front Left: Playback 65536 [100%] [off]
  Front Right: Playback 65536 [100%] [off]
Simple mixer control 'Master',0
  Capabilities: pvolume pswitch pswitch-joined
  Playback channels: Front Left - Front Right
  Limits: Playback 0 - 65536
  Mono:
  Front Left: Playback 65536 [100%] [off]
  Front Right: Playback 65536 [100%] [off]
Simple mixer control 'Master',0
  Capabilities: pvolume pswitch pswitch-joined
  Playback channels: Front Left - Front Right
  Limits: Playback 0 - 65536
  Mono:
  Front Left: Playback 65536 [100%] [off]
  Front Right: Playback 65536 [100%] [off]
Simple mixer control 'Master',0
  Capabilities: pvolume pswitch pswitch-joined
  Playback channels: Front Left - Front Right
  Limits: Playback 0 - 65536
  Mono:
  Front Left: Playback 65536 [100%] [off]
  Front Right: Playback 65536 [100%] [off]
Simple mixer control 'Master',0
  Capabilities: pvolume pswitch pswitch-joined
  Playback channels: Front Left - Front Right
  Limits: Playback 0 - 65536
  Mono:
  Front Left: Playback 65536 [100%] [off]
  Front Right: Playback 65536 [100%] [off]
Simple mixer control 'Master',0
  Capabilities: pvolume pswitch pswitch-joined
  Playback channels: Front Left - Front Right
  Limits: Playback 0 - 65536
  Mono:
  Front Left: Playback 65536 [100%] [off]
  Front Right: Playback 65536 [100%] [off]
Simple mixer control 'Master',0
  Capabilities: pvolume pswitch pswitch-joined
  Playback channels: Front Left - Front Right
  Limits: Playback 0 - 65536
  Mono:
  Front Left: Playback 65536 [100%] [off]
  Front Right: Playback 65536 [100%] [off]
Simple mixer control 'Master',0
  Capabilities: pvolume pswitch pswitch-joined
  Playback channels: Front Left - Front Right
  Limits: Playback 0 - 65536
  Mono:
  Front Left: Playback 65536 [100%] [off]
  Front Right: Playback 65536 [100%] [off]
Simple mixer control 'Master',0
  Capabilities: pvolume pswitch pswitch-joined
  Playback channels: Front Left - Front Right
  Limits: Playback 0 - 65536
  Mono:
  Front Left: Playback 65536 [100%] [off]
  Front Right: Playback 65536 [100%] [off]
Simple mixer control 'Master',0
  Capabilities: pvolume pswitch pswitch-joined
  Playback channels: Front Left - Front Right
  Limits: Playback 0 - 65536
  Mono:
  Front Left: Playback 65536 [100%] [off]
  Front Right: Playback 65536 [100%] [off]
Simple mixer control 'Master',0
  Capabilities: pvolume pswitch pswitch-joined
  Playback channels: Front Left - Front Right
  Limits: Playback 0 - 65536
  Mono:
  Front Left: Playback 65536 [100%] [off]
  Front Right: Playback 65536 [100%] [off]
Simple mixer control 'Master',0
  Capabilities: pvolume pswitch pswitch-joined
  Playback channels: Front Left - Front Right
  Limits: Playback 0 - 65536
  Mono:
  Front Left: Playback 65536 [100%] [off]
  Front Right: Playback 65536 [100%] [off]
Simple mixer control 'Master',0
  Capabilities: pvolume pswitch pswitch-joined
  Playback channels: Front Left - Front Right
  Limits: Playback 0 - 65536
  Mono:
  Front Left: Playback 65536 [100%] [off]
  Front Right: Playback 65536 [100%] [off]
Simple mixer control 'Master',0
  Capabilities: pvolume pswitch pswitch-joined
  Playback channels: Front Left - Front Right
  Limits: Playback 0 - 65536
  Mono:
  Front Left: Playback 65536 [100%] [off]
  Front Right: Playback 65536 [100%] [off]
Simple mixer control 'Master',0
  Capabilities: pvolume pswitch pswitch-joined
  Playback channels: Front Left - Front Right
  Limits: Playback 0 - 65536
  Mono:
  Front Left: Playback 65536 [100%] [off]
  Front Right: Playback 65536 [100%] [off]
Simple mixer control 'Master',0
  Capabilities: pvolume pswitch pswitch-joined
  Playback channels: Front Left - Front Right
  Limits: Playback 0 - 65536
  Mono:
  Front Left: Playback 65536 [100%] [off]
  Front Right: Playback 65536 [100%] [off]
Simple mixer control 'Master',0
  Capabilities: pvolume pswitch pswitch-joined
  Playback channels: Front Left - Front Right
  Limits: Playback 0 - 65536
  Mono:
  Front Left: Playback 65536 [100%] [off]
  Front Right: Playback 65536 [100%] [off]
Simple mixer control 'Master',0
  Capabilities: pvolume pswitch pswitch-joined
  Playback channels: Front Left - Front Right
  Limits: Playback 0 - 65536
  Mono:
  Front Left: Playback 65536 [100%] [off]
  Front Right: Playback 65536 [100%] [off]
Simple mixer control 'Master',0
  Capabilities: pvolume pswitch pswitch-joined
  Playback channels: Front Left - Front Right
  Limits: Playback 0 - 65536
  Mono:
  Front Left: Playback 65536 [100%] [off]
  Front Right: Playback 65536 [100%] [off]
Simple mixer control 'Master',0
  Capabilities: pvolume pswitch pswitch-joined
  Playback channels: Front Left - Front Right
  Limits: Playback 0 - 65536
  Mono:
  Front Left: Playback 65536 [100%] [off]
  Front Right: Playback 65536 [100%] [off]
Simple mixer control 'Master',0
  Capabilities: pvolume pswitch pswitch-joined
  Playback channels: Front Left - Front Right
  Limits: Playback 0 - 65536
  Mono:
  Front Left: Playback 65536 [100%] [off]
  Front Right: Playback 65536 [100%] [off]
Simple mixer control 'Master',0
  Capabilities: pvolume pswitch pswitch-joined
  Playback channels: Front Left - Front Right
  Limits: Playback 0 - 65536
  Mono:
  Front Left: Playback 65536 [100%] [off]
  Front Right: Playback 65536 [100%] [off]
Simple mixer control 'Master',0
  Capabilities: pvolume pswitch pswitch-joined
  Playback channels: Front Left - Front Right
  Limits: Playback 0 - 65536
  Mono:
  Front Left: Playback 65536 [100%] [off]
  Front Right: Playback 65536 [100%] [off]
Simple mixer control 'Master',0
  Capabilities: pvolume pswitch pswitch-joined
  Playback channels: Front Left - Front Right
  Limits: Playback 0 - 65536
  Mono:
  Front Left: Playback 65536 [100%] [off]
  Front Right: Playback 65536 [100%] [off]
Simple mixer control 'Master',0
  Capabilities: pvolume pswitch pswitch-joined
  Playback channels: Front Left - Front Right
  Limits: Playback 0 - 65536
  Mono:
  Front Left: Playback 65536 [100%] [off]
  Front Right: Playback 65536 [100%] [off]
Simple mixer control 'Master',0
  Capabilities: pvolume pswitch pswitch-joined
  Playback channels: Front Left - Front Right
  Limits: Playback 0 - 65536
  Mono:
  Front Left: Playback 65536 [100%] [off]
  Front Right: Playback 65536 [100%] [off]
Simple mixer control 'Master',0
  Capabilities: pvolume pswitch pswitch-joined
  Playback channels: Front Left - Front Right
  Limits: Playback 0 - 65536
  Mono:
  Front Left: Playback 65536 [100%] [off]
  Front Right: Playback 65536 [100%] [off]
Simple mixer control 'Master',0
  Capabilities: pvolume pswitch pswitch-joined
  Playback channels: Front Left - Front Right
  Limits: Playback 0 - 65536
  Mono:
  Front Left: Playback 62259 [95%] [off]
  Front Right: Playback 62259 [95%] [off]
Simple mixer control 'Master',0
  Capabilities: pvolume pswitch pswitch-joined
  Playback channels: Front Left - Front Right
  Limits: Playback 0 - 65536
  Mono:
  Front Left: Playback 58982 [90%] [off]
  Front Right: Playback 58982 [90%] [off]
Simple mixer control 'Master',0
  Capabilities: pvolume pswitch pswitch-joined
  Playback channels: Front Left - Front Right
  Limits: Playback 0 - 65536
  Mono:
  Front Left: Playback 55705 [85%] [off]
  Front Right: Playback 55705 [85%] [off]
Simple mixer control 'Master',0
  Capabilities: pvolume pswitch pswitch-joined
  Playback channels: Front Left - Front Right
  Limits: Playback 0 - 65536
  Mono:
  Front Left: Playback 52428 [80%] [off]
  Front Right: Playback 52428 [80%] [off]
Simple mixer control 'Master',0
  Capabilities: pvolume pswitch pswitch-joined
  Playback channels: Front Left - Front Right
  Limits: Playback 0 - 65536
  Mono:
  Front Left: Playback 49151 [75%] [off]
  Front Right: Playback 49151 [75%] [off]
Simple mixer control 'Master',0
  Capabilities: pvolume pswitch pswitch-joined
  Playback channels: Front Left - Front Right
  Limits: Playback 0 - 65536
  Mono:
  Front Left: Playback 45874 [70%] [off]
  Front Right: Playback 45874 [70%] [off]
Simple mixer control 'Master',0
  Capabilities: pvolume pswitch pswitch-joined
  Playback channels: Front Left - Front Right
  Limits: Playback 0 - 65536
  Mono:
  Front Left: Playback 42597 [65%] [off]
  Front Right: Playback 42597 [65%] [off]
Simple mixer control 'Master',0
  Capabilities: pvolume pswitch pswitch-joined
  Playback channels: Front Left - Front Right
  Limits: Playback 0 - 65536
  Mono:
  Front Left: Playback 39320 [60%] [off]
  Front Right: Playback 39320 [60%] [off]
Simple mixer control 'Master',0
  Capabilities: pvolume pswitch pswitch-joined
  Playback channels: Front Left - Front Right
  Limits: Playback 0 - 65536
  Mono:
  Front Left: Playback 42597 [65%] [off]
  Front Right: Playback 42597 [65%] [off]
Simple mixer control 'Master',0
  Capabilities: pvolume pswitch pswitch-joined
  Playback channels: Front Left - Front Right
  Limits: Playback 0 - 65536
  Mono:
  Front Left: Playback 45874 [70%] [off]
  Front Right: Playback 45874 [70%] [off]
Simple mixer control 'Master',0
  Capabilities: pvolume pswitch pswitch-joined
  Playback channels: Front Left - Front Right
  Limits: Playback 0 - 65536
  Mono:
  Front Left: Playback 49151 [75%] [off]
  Front Right: Playback 49151 [75%] [off]
Simple mixer control 'Master',0
  Capabilities: pvolume pswitch pswitch-joined
  Playback channels: Front Left - Front Right
  Limits: Playback 0 - 65536
  Mono:
  Front Left: Playback 52428 [80%] [off]
  Front Right: Playback 52428 [80%] [off]
Simple mixer control 'Master',0
  Capabilities: pvolume pswitch pswitch-joined
  Playback channels: Front Left - Front Right
  Limits: Playback 0 - 65536
  Mono:
  Front Left: Playback 55705 [85%] [off]
  Front Right: Playback 55705 [85%] [off]
Simple mixer control 'Master',0
  Capabilities: pvolume pswitch pswitch-joined
  Playback channels: Front Left - Front Right
  Limits: Playback 0 - 65536
  Mono:
  Front Left: Playback 58982 [90%] [off]
  Front Right: Playback 58982 [90%] [off]
